2025-08-07 08:45:55 [ERROR]: Error: querySrv ENOTFOUND _mongodb._tcp.workguard360.ntscqe.mongodb.net
    at QueryReqWrap.onresolve [as oncomplete] (node:internal/dns/promises:294:17)
2025-08-07 08:54:52 [ERROR]: Error: querySrv ENOTFOUND _mongodb._tcp.workguard360.ntscqe.mongodb.net
    at QueryReqWrap.onresolve [as oncomplete] (node:internal/dns/promises:294:17)
2025-08-07 08:54:53 [ERROR]: Error: querySrv ENOTFOUND _mongodb._tcp.workguard360.ntscqe.mongodb.net
    at QueryReqWrap.onresolve [as oncomplete] (node:internal/dns/promises:294:17)
2025-08-07 08:56:18 [ERROR]: Error: querySrv ENOTFOUND _mongodb._tcp.workguard360.ntscqe.mongodb.net
    at QueryReqWrap.onresolve [as oncomplete] (node:internal/dns/promises:294:17)
2025-08-07 08:56:23 [ERROR]: Error: querySrv ENOTFOUND _mongodb._tcp.workguard360.ntscqe.mongodb.net
    at QueryReqWrap.onresolve [as oncomplete] (node:internal/dns/promises:294:17)
2025-08-07 08:56:43 [ERROR]: Error: querySrv ENOTFOUND _mongodb._tcp.workguard360.ntscqe.mongodb.net
    at QueryReqWrap.onresolve [as oncomplete] (node:internal/dns/promises:294:17)
2025-08-07 08:58:18 [ERROR]: MongooseServerSelectionError: Could not connect to any servers in your MongoDB Atlas cluster. One common reason is that you're trying to access the database from an IP that isn't whitelisted. Make sure your current IP address is on your Atlas cluster's IP whitelist: https://www.mongodb.com/docs/atlas/security-whitelist/
    at _handleConnectionErrors (D:\Projects\WorkGuard360 Server\node_modules\mongoose\lib\connection.js:1165:11)
    at NativeConnection.openUri (D:\Projects\WorkGuard360 Server\node_modules\mongoose\lib\connection.js:1096:11)
    at async connectDB (D:\Projects\WorkGuard360 Server\server.js:149:5)
    at async startServer (D:\Projects\WorkGuard360 Server\server.js:205:5)
2025-08-07 09:01:57 [ERROR]: MongoServerError: bad auth : Authentication failed.
    at Connection.sendCommand (D:\Projects\WorkGuard360 Server\node_modules\mongodb\lib\cmap\connection.js:305:27)
    at process.processTicksAndRejections (node:internal/process/task_queues:105:5)
    at async Connection.command (D:\Projects\WorkGuard360 Server\node_modules\mongodb\lib\cmap\connection.js:333:26)
    at async executeScram (D:\Projects\WorkGuard360 Server\node_modules\mongodb\lib\cmap\auth\scram.js:79:22)
    at async ScramSHA256.auth (D:\Projects\WorkGuard360 Server\node_modules\mongodb\lib\cmap\auth\scram.js:39:16)
    at async performInitialHandshake (D:\Projects\WorkGuard360 Server\node_modules\mongodb\lib\cmap\connect.js:104:13)
    at async connect (D:\Projects\WorkGuard360 Server\node_modules\mongodb\lib\cmap\connect.js:24:9)
2025-08-07 09:05:30 [ERROR]: MongooseServerSelectionError: Server selection timed out after 5000 ms
    at _handleConnectionErrors (D:\Projects\WorkGuard360 Server\node_modules\mongoose\lib\connection.js:1165:11)
    at NativeConnection.openUri (D:\Projects\WorkGuard360 Server\node_modules\mongoose\lib\connection.js:1096:11)
    at async connectDB (D:\Projects\WorkGuard360 Server\server.js:149:5)
    at async startServer (D:\Projects\WorkGuard360 Server\server.js:205:5)
2025-08-07 09:08:19 [ERROR]: Error: querySrv ENOTFOUND _mongodb._tcp.workguard360.ntscqe.mongodb.net
    at QueryReqWrap.onresolve [as oncomplete] (node:internal/dns/promises:294:17)
2025-08-07 14:33:08 [ERROR]: Error: querySrv ENOTFOUND _mongodb._tcp.workguard360.ntscqe.mongodb.net
    at QueryReqWrap.onresolve [as oncomplete] (node:internal/dns/promises:294:17)
2025-08-07 14:33:10 [ERROR]: Error: querySrv ENOTFOUND _mongodb._tcp.workguard360.ntscqe.mongodb.net
    at QueryReqWrap.onresolve [as oncomplete] (node:internal/dns/promises:294:17)
2025-08-07 14:33:14 [ERROR]: Error: querySrv ENOTFOUND _mongodb._tcp.workguard360.ntscqe.mongodb.net
    at QueryReqWrap.onresolve [as oncomplete] (node:internal/dns/promises:294:17)
2025-08-07 14:54:35 [ERROR]: Error: querySrv ENOTFOUND _mongodb._tcp.cluster0.kadhl.mongodb.net
    at QueryReqWrap.onresolve [as oncomplete] (node:internal/dns/promises:294:17)
